
Circuit 1 cell sky130_fd_pr__pfet_01v8_lvt and Circuit 2 cell sky130_fd_pr__pfet_01v8_lvt are black boxes.
Warning: Equate pins:  cell sky130_fd_pr__pfet_01v8_lvt is a placeholder, treated as a black box.
Warning: Equate pins:  cell sky130_fd_pr__pfet_01v8_lvt is a placeholder, treated as a black box.

Subcircuit pins:
Circuit 1: sky130_fd_pr__pfet_01v8_lvt     |Circuit 2: sky130_fd_pr__pfet_01v8_lvt     
-------------------------------------------|-------------------------------------------
1                                          |1                                          
2                                          |2                                          
3                                          |3                                          
4                                          |4                                          
---------------------------------------------------------------------------------------
Cell pin lists are equivalent.
Device classes sky130_fd_pr__pfet_01v8_lvt and sky130_fd_pr__pfet_01v8_lvt are equivalent.

Circuit 1 cell sky130_fd_pr__nfet_01v8_lvt and Circuit 2 cell sky130_fd_pr__nfet_01v8_lvt are black boxes.
Warning: Equate pins:  cell sky130_fd_pr__nfet_01v8_lvt is a placeholder, treated as a black box.
Warning: Equate pins:  cell sky130_fd_pr__nfet_01v8_lvt is a placeholder, treated as a black box.

Subcircuit pins:
Circuit 1: sky130_fd_pr__nfet_01v8_lvt     |Circuit 2: sky130_fd_pr__nfet_01v8_lvt     
-------------------------------------------|-------------------------------------------
1                                          |1                                          
2                                          |2                                          
3                                          |3                                          
4                                          |4                                          
---------------------------------------------------------------------------------------
Cell pin lists are equivalent.
Device classes sky130_fd_pr__nfet_01v8_lvt and sky130_fd_pr__nfet_01v8_lvt are equivalent.

Circuit 1 cell sky130_fd_pr__pnp_05v5_W3p40L3p40 and Circuit 2 cell sky130_fd_pr__pnp_05v5_W3p40L3p40 are black boxes.
Warning: Equate pins:  cell sky130_fd_pr__pnp_05v5_W3p40L3p40 is a placeholder, treated as a black box.
Warning: Equate pins:  cell sky130_fd_pr__pnp_05v5_W3p40L3p40 is a placeholder, treated as a black box.

Subcircuit pins:
Circuit 1: sky130_fd_pr__pnp_05v5_W3p40L3p |Circuit 2: sky130_fd_pr__pnp_05v5_W3p40L3p 
-------------------------------------------|-------------------------------------------
1                                          |1                                          
2                                          |2                                          
3                                          |3                                          
---------------------------------------------------------------------------------------
Cell pin lists are equivalent.
Device classes sky130_fd_pr__pnp_05v5_W3p40L3p40 and sky130_fd_pr__pnp_05v5_W3p40L3p40 are equivalent.
Flattening unmatched subcell BGR_BJT_stage1 in circuit v_bias (0)(1 instance)
Flattening unmatched subcell BGR_BJT_stage2 in circuit v_bias (0)(1 instance)
Flattening unmatched subcell OTA_vref_stage2 in circuit OTA_vref (1)(1 instance)
Flattening unmatched subcell sky130_fd_pr__pfet_01v8_lvt_L4HHUA in circuit OTA_vref (1)(1 instance)
Flattening unmatched subcell sky130_fd_pr__nfet_01v8_lvt_LH3874 in circuit OTA_vref (1)(20 instances)
Flattening unmatched subcell sky130_fd_pr__pfet_01v8_lvt_QCP9T2 in circuit OTA_vref (1)(1 instance)
Flattening unmatched subcell sky130_fd_pr__pfet_01v8_lvt_Q4S9T2 in circuit OTA_vref (1)(3 instances)
Flattening unmatched subcell OTA_vref_stage1 in circuit OTA_vref (1)(1 instance)
Flattening unmatched subcell sky130_fd_pr__nfet_01v8_lvt_UZ3GQ2 in circuit OTA_vref (1)(48 instances)
Flattening unmatched subcell sky130_fd_pr__pfet_01v8_lvt_QCPJZY in circuit OTA_vref (1)(2 instances)
Flattening unmatched subcell sky130_fd_pr__pfet_01v8_lvt_KLHH7J in circuit OTA_vref (1)(2 instances)
Flattening unmatched subcell sky130_fd_pr__rf_pnp_05v5_W3p40L3p40 in circuit OTA_vref (1)(1 instance)

Class v_bias (0):  Merged 59 parallel devices.
Class OTA_vref (1):  Merged 59 parallel devices.
Subcircuit summary:
Circuit 1: v_bias                          |Circuit 2: OTA_vref                        
-------------------------------------------|-------------------------------------------
sky130_fd_pr__nfet_01v8_lvt (68->11)       |sky130_fd_pr__nfet_01v8_lvt (68->11)       
sky130_fd_pr__pfet_01v8_lvt (9->7)         |sky130_fd_pr__pfet_01v8_lvt (9->7)         
sky130_fd_pr__pnp_05v5_W3p40L3p40 (1)      |sky130_fd_pr__pnp_05v5_W3p40L3p40 (1)      
Number of devices: 19                      |Number of devices: 19                      
Number of nets: 14                         |Number of nets: 14                         
---------------------------------------------------------------------------------------
Netlists match uniquely.

Subcircuit pins:
Circuit 1: v_bias                          |Circuit 2: OTA_vref                        
-------------------------------------------|-------------------------------------------
vb                                         |vb                                         
vb1                                        |vb1                                        
vcc                                        |vcc                                        
vss                                        |vss                                        
---------------------------------------------------------------------------------------
Cell pin lists are equivalent.
Device classes v_bias and OTA_vref are equivalent.

Final result: Circuits match uniquely.
.
