
Circuit 1 cell sky130_fd_pr__pfet_01v8_lvt and Circuit 2 cell sky130_fd_pr__pfet_01v8_lvt are black boxes.
Warning: Equate pins:  cell sky130_fd_pr__pfet_01v8_lvt is a placeholder, treated as a black box.
Warning: Equate pins:  cell sky130_fd_pr__pfet_01v8_lvt is a placeholder, treated as a black box.

Subcircuit pins:
Circuit 1: sky130_fd_pr__pfet_01v8_lvt     |Circuit 2: sky130_fd_pr__pfet_01v8_lvt     
-------------------------------------------|-------------------------------------------
1                                          |1                                          
2                                          |2                                          
3                                          |3                                          
4                                          |4                                          
---------------------------------------------------------------------------------------
Cell pin lists are equivalent.
Device classes sky130_fd_pr__pfet_01v8_lvt and sky130_fd_pr__pfet_01v8_lvt are equivalent.

Circuit 1 cell sky130_fd_pr__nfet_01v8_lvt and Circuit 2 cell sky130_fd_pr__nfet_01v8_lvt are black boxes.
Warning: Equate pins:  cell sky130_fd_pr__nfet_01v8_lvt is a placeholder, treated as a black box.
Warning: Equate pins:  cell sky130_fd_pr__nfet_01v8_lvt is a placeholder, treated as a black box.

Subcircuit pins:
Circuit 1: sky130_fd_pr__nfet_01v8_lvt     |Circuit 2: sky130_fd_pr__nfet_01v8_lvt     
-------------------------------------------|-------------------------------------------
1                                          |1                                          
2                                          |2                                          
3                                          |3                                          
4                                          |4                                          
---------------------------------------------------------------------------------------
Cell pin lists are equivalent.
Device classes sky130_fd_pr__nfet_01v8_lvt and sky130_fd_pr__nfet_01v8_lvt are equivalent.
Flattening unmatched subcell sky130_fd_pr__pfet_01v8_lvt_L4HHUA in circuit BGR_BJT_stage2 (1)(1 instance)
Flattening unmatched subcell sky130_fd_pr__nfet_01v8_lvt_LH3874 in circuit BGR_BJT_stage2 (1)(20 instances)
Flattening unmatched subcell sky130_fd_pr__pfet_01v8_lvt_QCP9T2 in circuit BGR_BJT_stage2 (1)(1 instance)
Flattening unmatched subcell sky130_fd_pr__pfet_01v8_lvt_Q4S9T2 in circuit BGR_BJT_stage2 (1)(3 instances)

Class BGR_BJT_stage2 (0):  Merged 12 parallel devices.
Class BGR_BJT_stage2 (1):  Merged 12 parallel devices.
Subcircuit summary:
Circuit 1: BGR_BJT_stage2                  |Circuit 2: BGR_BJT_stage2                  
-------------------------------------------|-------------------------------------------
sky130_fd_pr__nfet_01v8_lvt (20->8)        |sky130_fd_pr__nfet_01v8_lvt (20->8)        
sky130_fd_pr__pfet_01v8_lvt (5)            |sky130_fd_pr__pfet_01v8_lvt (5)            
Number of devices: 13                      |Number of devices: 13                      
Number of nets: 12                         |Number of nets: 12                         
---------------------------------------------------------------------------------------
Netlists match uniquely.

Subcircuit pins:
Circuit 1: BGR_BJT_stage2                  |Circuit 2: BGR_BJT_stage2                  
-------------------------------------------|-------------------------------------------
vcc                                        |vcc                                        
vr                                         |vr                                         
vss                                        |vss                                        
vref0                                      |vref0                                      
vref                                       |vref                                       
---------------------------------------------------------------------------------------
Cell pin lists are equivalent.
Device classes BGR_BJT_stage2 and BGR_BJT_stage2 are equivalent.

Final result: Circuits match uniquely.
.
