
Circuit 1 cell sky130_fd_pr__pfet_01v8_lvt and Circuit 2 cell sky130_fd_pr__pfet_01v8_lvt are black boxes.
Warning: Equate pins:  cell sky130_fd_pr__pfet_01v8_lvt is a placeholder, treated as a black box.
Warning: Equate pins:  cell sky130_fd_pr__pfet_01v8_lvt is a placeholder, treated as a black box.

Subcircuit pins:
Circuit 1: sky130_fd_pr__pfet_01v8_lvt     |Circuit 2: sky130_fd_pr__pfet_01v8_lvt     
-------------------------------------------|-------------------------------------------
1                                          |1                                          
2                                          |2                                          
3                                          |3                                          
4                                          |4                                          
---------------------------------------------------------------------------------------
Cell pin lists are equivalent.
Device classes sky130_fd_pr__pfet_01v8_lvt and sky130_fd_pr__pfet_01v8_lvt are equivalent.

Circuit 1 cell sky130_fd_pr__nfet_01v8_lvt and Circuit 2 cell sky130_fd_pr__nfet_01v8_lvt are black boxes.
Warning: Equate pins:  cell sky130_fd_pr__nfet_01v8_lvt is a placeholder, treated as a black box.
Warning: Equate pins:  cell sky130_fd_pr__nfet_01v8_lvt is a placeholder, treated as a black box.

Subcircuit pins:
Circuit 1: sky130_fd_pr__nfet_01v8_lvt     |Circuit 2: sky130_fd_pr__nfet_01v8_lvt     
-------------------------------------------|-------------------------------------------
1                                          |1                                          
2                                          |2                                          
3                                          |3                                          
4                                          |4                                          
---------------------------------------------------------------------------------------
Cell pin lists are equivalent.
Device classes sky130_fd_pr__nfet_01v8_lvt and sky130_fd_pr__nfet_01v8_lvt are equivalent.

Circuit 1 cell sky130_fd_pr__pnp_05v5_W3p40L3p40 and Circuit 2 cell sky130_fd_pr__pnp_05v5_W3p40L3p40 are black boxes.
Warning: Equate pins:  cell sky130_fd_pr__pnp_05v5_W3p40L3p40 is a placeholder, treated as a black box.
Warning: Equate pins:  cell sky130_fd_pr__pnp_05v5_W3p40L3p40 is a placeholder, treated as a black box.

Subcircuit pins:
Circuit 1: sky130_fd_pr__pnp_05v5_W3p40L3p |Circuit 2: sky130_fd_pr__pnp_05v5_W3p40L3p 
-------------------------------------------|-------------------------------------------
1                                          |1                                          
2                                          |2                                          
3                                          |3                                          
---------------------------------------------------------------------------------------
Cell pin lists are equivalent.
Device classes sky130_fd_pr__pnp_05v5_W3p40L3p40 and sky130_fd_pr__pnp_05v5_W3p40L3p40 are equivalent.

Circuit 1 cell sky130_fd_pr__res_xhigh_po_0p35 and Circuit 2 cell sky130_fd_pr__res_xhigh_po_0p35 are black boxes.
Warning: Equate pins:  cell sky130_fd_pr__res_xhigh_po_0p35 is a placeholder, treated as a black box.
Warning: Equate pins:  cell sky130_fd_pr__res_xhigh_po_0p35 is a placeholder, treated as a black box.

Subcircuit pins:
Circuit 1: sky130_fd_pr__res_xhigh_po_0p35 |Circuit 2: sky130_fd_pr__res_xhigh_po_0p35 
-------------------------------------------|-------------------------------------------
1                                          |1                                          
2                                          |2                                          
3                                          |3                                          
---------------------------------------------------------------------------------------
Cell pin lists are equivalent.
Device classes sky130_fd_pr__res_xhigh_po_0p35 and sky130_fd_pr__res_xhigh_po_0p35 are equivalent.

Circuit 1 cell sky130_fd_pr__nfet_01v8 and Circuit 2 cell sky130_fd_pr__nfet_01v8 are black boxes.
Warning: Equate pins:  cell sky130_fd_pr__nfet_01v8 is a placeholder, treated as a black box.
Warning: Equate pins:  cell sky130_fd_pr__nfet_01v8 is a placeholder, treated as a black box.

Subcircuit pins:
Circuit 1: sky130_fd_pr__nfet_01v8         |Circuit 2: sky130_fd_pr__nfet_01v8         
-------------------------------------------|-------------------------------------------
1                                          |1                                          
2                                          |2                                          
3                                          |3                                          
4                                          |4                                          
---------------------------------------------------------------------------------------
Cell pin lists are equivalent.
Device classes sky130_fd_pr__nfet_01v8 and sky130_fd_pr__nfet_01v8 are equivalent.

Circuit 1 cell sky130_fd_pr__cap_mim_m3_1 and Circuit 2 cell sky130_fd_pr__cap_mim_m3_1 are black boxes.
Warning: Equate pins:  cell sky130_fd_pr__cap_mim_m3_1 is a placeholder, treated as a black box.
Warning: Equate pins:  cell sky130_fd_pr__cap_mim_m3_1 is a placeholder, treated as a black box.

Subcircuit pins:
Circuit 1: sky130_fd_pr__cap_mim_m3_1      |Circuit 2: sky130_fd_pr__cap_mim_m3_1      
-------------------------------------------|-------------------------------------------
1                                          |1                                          
2                                          |2                                          
---------------------------------------------------------------------------------------
Cell pin lists are equivalent.
Device classes sky130_fd_pr__cap_mim_m3_1 and sky130_fd_pr__cap_mim_m3_1 are equivalent.

Circuit 1 cell sky130_fd_pr__pfet_01v8 and Circuit 2 cell sky130_fd_pr__pfet_01v8 are black boxes.
Warning: Equate pins:  cell sky130_fd_pr__pfet_01v8 is a placeholder, treated as a black box.
Warning: Equate pins:  cell sky130_fd_pr__pfet_01v8 is a placeholder, treated as a black box.

Subcircuit pins:
Circuit 1: sky130_fd_pr__pfet_01v8         |Circuit 2: sky130_fd_pr__pfet_01v8         
-------------------------------------------|-------------------------------------------
1                                          |1                                          
2                                          |2                                          
3                                          |3                                          
4                                          |4                                          
---------------------------------------------------------------------------------------
Cell pin lists are equivalent.
Device classes sky130_fd_pr__pfet_01v8 and sky130_fd_pr__pfet_01v8 are equivalent.
Flattening unmatched subcell 3rd_3_OTA in circuit 3_OTA_ckt (0)(1 instance)
Flattening unmatched subcell 2nd_3_OTA in circuit 3_OTA_ckt (0)(1 instance)
Flattening unmatched subcell 1st_3_OTA in circuit 3_OTA_ckt (0)(1 instance)
Flattening unmatched subcell v_bias_3OTA in circuit 3_OTA_ckt (0)(1 instance)
Flattening unmatched subcell vref_stage1 in circuit 3_OTA_ckt (0)(1 instance)
Flattening unmatched subcell vref_stage2 in circuit 3_OTA_ckt (0)(1 instance)
Flattening unmatched subcell OTA_vref in circuit x3_OTA (1)(1 instance)
Flattening unmatched subcell OTA_vref_stage2 in circuit x3_OTA (1)(1 instance)
Flattening unmatched subcell sky130_fd_pr__pfet_01v8_lvt_L4HHUA in circuit x3_OTA (1)(1 instance)
Flattening unmatched subcell sky130_fd_pr__nfet_01v8_lvt_LH3874 in circuit x3_OTA (1)(20 instances)
Flattening unmatched subcell sky130_fd_pr__pfet_01v8_lvt_QCP9T2 in circuit x3_OTA (1)(1 instance)
Flattening unmatched subcell sky130_fd_pr__pfet_01v8_lvt_Q4S9T2 in circuit x3_OTA (1)(3 instances)
Flattening unmatched subcell OTA_vref_stage1 in circuit x3_OTA (1)(1 instance)
Flattening unmatched subcell sky130_fd_pr__nfet_01v8_lvt_UZ3GQ2 in circuit x3_OTA (1)(48 instances)
Flattening unmatched subcell sky130_fd_pr__pfet_01v8_lvt_QCPJZY in circuit x3_OTA (1)(2 instances)
Flattening unmatched subcell sky130_fd_pr__pfet_01v8_lvt_KLHH7J in circuit x3_OTA (1)(2 instances)
Flattening unmatched subcell sky130_fd_pr__rf_pnp_05v5_W3p40L3p40 in circuit x3_OTA (1)(1 instance)
Flattening unmatched subcell x3rd_3_OTA in circuit x3_OTA (1)(1 instance)
Flattening unmatched subcell sky130_fd_pr__pfet_01v8_lvt_227YHS in circuit x3_OTA (1)(8 instances)
Flattening unmatched subcell sky130_fd_pr__nfet_01v8_lvt_D5AAWA in circuit x3_OTA (1)(8 instances)
Flattening unmatched subcell sky130_fd_pr__res_xhigh_po_0p35_NX66A7 in circuit x3_OTA (1)(1 instance)
Flattening unmatched subcell sky130_fd_pr__nfet_01v8_lvt_RX9YJP in circuit x3_OTA (1)(2 instances)
Flattening unmatched subcell sky130_fd_pr__nfet_01v8_22NDE3 in circuit x3_OTA (1)(1 instance)
Flattening unmatched subcell sky130_fd_pr__pfet_01v8_lvt_K7KF7V in circuit x3_OTA (1)(2 instances)
Flattening unmatched subcell sky130_fd_pr__cap_mim_m3_1_Q3FE5R in circuit x3_OTA (1)(1 instance)
Flattening unmatched subcell x2nd_3_OTA in circuit x3_OTA (1)(1 instance)
Flattening unmatched subcell sky130_fd_pr__pfet_01v8_lvt_NH7ZMU in circuit x3_OTA (1)(8 instances)
Flattening unmatched subcell sky130_fd_pr__nfet_01v8_lvt_AR4WA2 in circuit x3_OTA (1)(8 instances)
Flattening unmatched subcell sky130_fd_pr__pfet_01v8_6JHA76 in circuit x3_OTA (1)(1 instance)
Flattening unmatched subcell sky130_fd_pr__cap_mim_m3_1_FGZHLY in circuit x3_OTA (1)(1 instance)
Flattening unmatched subcell OTA_stage1 in circuit x3_OTA (1)(1 instance)
Flattening unmatched subcell sky130_fd_pr__pfet_01v8_lvt_58FN7G in circuit x3_OTA (1)(4 instances)
Flattening unmatched subcell sky130_fd_pr__nfet_01v8_lvt_59CFV9 in circuit x3_OTA (1)(4 instances)
Flattening unmatched subcell sky130_fd_pr__nfet_01v8_Q93DRV in circuit x3_OTA (1)(1 instance)

Class 3_OTA_ckt (0):  Merged 87 parallel devices.
Class x3_OTA (1):  Merged 91 parallel devices.
Subcircuit summary:
Circuit 1: 3_OTA_ckt                       |Circuit 2: x3_OTA                          
-------------------------------------------|-------------------------------------------
sky130_fd_pr__nfet_01v8 (2)                |sky130_fd_pr__nfet_01v8 (3->2)             
sky130_fd_pr__nfet_01v8_lvt (90->19)       |sky130_fd_pr__nfet_01v8_lvt (90->19)       
sky130_fd_pr__pfet_01v8_lvt (31->15)       |sky130_fd_pr__pfet_01v8_lvt (31->15)       
sky130_fd_pr__cap_mim_m3_1 (2)             |sky130_fd_pr__cap_mim_m3_1 (2)             
sky130_fd_pr__res_xhigh_po_0p35 (1)        |sky130_fd_pr__res_xhigh_po_0p35 (1)        
sky130_fd_pr__pfet_01v8 (1)                |sky130_fd_pr__pfet_01v8 (4->1)             
sky130_fd_pr__pnp_05v5_W3p40L3p40 (1)      |sky130_fd_pr__pnp_05v5_W3p40L3p40 (1)      
Number of devices: 41                      |Number of devices: 41                      
Number of nets: 28                         |Number of nets: 28                         
---------------------------------------------------------------------------------------
Netlists match uniquely.

Subcircuit pins:
Circuit 1: 3_OTA_ckt                       |Circuit 2: x3_OTA                          
-------------------------------------------|-------------------------------------------
vin_n                                      |vin_n                                      
vin_p                                      |vin_p                                      
vss                                        |vss                                        
vo3                                        |vo3                                        
vcc                                        |vcc                                        
---------------------------------------------------------------------------------------
Cell pin lists are equivalent.
Device classes 3_OTA_ckt and x3_OTA are equivalent.

Final result: Circuits match uniquely.
.
