
Circuit 1 cell sky130_fd_pr__pfet_01v8_lvt and Circuit 2 cell sky130_fd_pr__pfet_01v8_lvt are black boxes.
Warning: Equate pins:  cell sky130_fd_pr__pfet_01v8_lvt is a placeholder, treated as a black box.
Warning: Equate pins:  cell sky130_fd_pr__pfet_01v8_lvt is a placeholder, treated as a black box.

Subcircuit pins:
Circuit 1: sky130_fd_pr__pfet_01v8_lvt     |Circuit 2: sky130_fd_pr__pfet_01v8_lvt     
-------------------------------------------|-------------------------------------------
1                                          |1                                          
2                                          |2                                          
3                                          |3                                          
4                                          |4                                          
---------------------------------------------------------------------------------------
Cell pin lists are equivalent.
Device classes sky130_fd_pr__pfet_01v8_lvt and sky130_fd_pr__pfet_01v8_lvt are equivalent.

Circuit 1 cell sky130_fd_pr__nfet_01v8_lvt and Circuit 2 cell sky130_fd_pr__nfet_01v8_lvt are black boxes.
Warning: Equate pins:  cell sky130_fd_pr__nfet_01v8_lvt is a placeholder, treated as a black box.
Warning: Equate pins:  cell sky130_fd_pr__nfet_01v8_lvt is a placeholder, treated as a black box.

Subcircuit pins:
Circuit 1: sky130_fd_pr__nfet_01v8_lvt     |Circuit 2: sky130_fd_pr__nfet_01v8_lvt     
-------------------------------------------|-------------------------------------------
1                                          |1                                          
2                                          |2                                          
3                                          |3                                          
4                                          |4                                          
---------------------------------------------------------------------------------------
Cell pin lists are equivalent.
Device classes sky130_fd_pr__nfet_01v8_lvt and sky130_fd_pr__nfet_01v8_lvt are equivalent.

Circuit 1 cell sky130_fd_pr__res_xhigh_po_0p35 and Circuit 2 cell sky130_fd_pr__res_xhigh_po_0p35 are black boxes.
Warning: Equate pins:  cell sky130_fd_pr__res_xhigh_po_0p35 is a placeholder, treated as a black box.
Warning: Equate pins:  cell sky130_fd_pr__res_xhigh_po_0p35 is a placeholder, treated as a black box.

Subcircuit pins:
Circuit 1: sky130_fd_pr__res_xhigh_po_0p35 |Circuit 2: sky130_fd_pr__res_xhigh_po_0p35 
-------------------------------------------|-------------------------------------------
1                                          |1                                          
2                                          |2                                          
3                                          |3                                          
---------------------------------------------------------------------------------------
Cell pin lists are equivalent.
Device classes sky130_fd_pr__res_xhigh_po_0p35 and sky130_fd_pr__res_xhigh_po_0p35 are equivalent.

Circuit 1 cell sky130_fd_pr__nfet_01v8 and Circuit 2 cell sky130_fd_pr__nfet_01v8 are black boxes.
Warning: Equate pins:  cell sky130_fd_pr__nfet_01v8 is a placeholder, treated as a black box.
Warning: Equate pins:  cell sky130_fd_pr__nfet_01v8 is a placeholder, treated as a black box.

Subcircuit pins:
Circuit 1: sky130_fd_pr__nfet_01v8         |Circuit 2: sky130_fd_pr__nfet_01v8         
-------------------------------------------|-------------------------------------------
1                                          |1                                          
2                                          |2                                          
3                                          |3                                          
4                                          |4                                          
---------------------------------------------------------------------------------------
Cell pin lists are equivalent.
Device classes sky130_fd_pr__nfet_01v8 and sky130_fd_pr__nfet_01v8 are equivalent.

Circuit 1 cell sky130_fd_pr__cap_mim_m3_1 and Circuit 2 cell sky130_fd_pr__cap_mim_m3_1 are black boxes.
Warning: Equate pins:  cell sky130_fd_pr__cap_mim_m3_1 is a placeholder, treated as a black box.
Warning: Equate pins:  cell sky130_fd_pr__cap_mim_m3_1 is a placeholder, treated as a black box.

Subcircuit pins:
Circuit 1: sky130_fd_pr__cap_mim_m3_1      |Circuit 2: sky130_fd_pr__cap_mim_m3_1      
-------------------------------------------|-------------------------------------------
1                                          |1                                          
2                                          |2                                          
---------------------------------------------------------------------------------------
Cell pin lists are equivalent.
Device classes sky130_fd_pr__cap_mim_m3_1 and sky130_fd_pr__cap_mim_m3_1 are equivalent.
Flattening unmatched subcell sky130_fd_pr__pfet_01v8_lvt_227YHS in circuit x3rd_3_OTA (1)(8 instances)
Flattening unmatched subcell sky130_fd_pr__nfet_01v8_lvt_D5AAWA in circuit x3rd_3_OTA (1)(8 instances)
Flattening unmatched subcell sky130_fd_pr__res_xhigh_po_0p35_NX66A7 in circuit x3rd_3_OTA (1)(1 instance)
Flattening unmatched subcell sky130_fd_pr__nfet_01v8_lvt_RX9YJP in circuit x3rd_3_OTA (1)(2 instances)
Flattening unmatched subcell sky130_fd_pr__nfet_01v8_22NDE3 in circuit x3rd_3_OTA (1)(1 instance)
Flattening unmatched subcell sky130_fd_pr__pfet_01v8_lvt_K7KF7V in circuit x3rd_3_OTA (1)(2 instances)
Flattening unmatched subcell sky130_fd_pr__cap_mim_m3_1_Q3FE5R in circuit x3rd_3_OTA (1)(1 instance)

Class 3rd_3_OTA (0):  Merged 12 parallel devices.
Class x3rd_3_OTA (1):  Merged 13 parallel devices.
Subcircuit summary:
Circuit 1: 3rd_3_OTA                       |Circuit 2: x3rd_3_OTA                      
-------------------------------------------|-------------------------------------------
sky130_fd_pr__nfet_01v8 (1)                |sky130_fd_pr__nfet_01v8 (2->1)             
sky130_fd_pr__nfet_01v8_lvt (10->4)        |sky130_fd_pr__nfet_01v8_lvt (10->4)        
sky130_fd_pr__pfet_01v8_lvt (10->4)        |sky130_fd_pr__pfet_01v8_lvt (10->4)        
sky130_fd_pr__cap_mim_m3_1 (1)             |sky130_fd_pr__cap_mim_m3_1 (1)             
sky130_fd_pr__res_xhigh_po_0p35 (1)        |sky130_fd_pr__res_xhigh_po_0p35 (1)        
Number of devices: 11                      |Number of devices: 11                      
Number of nets: 12                         |Number of nets: 12                         
---------------------------------------------------------------------------------------
Netlists match uniquely.

Subcircuit pins:
Circuit 1: 3rd_3_OTA                       |Circuit 2: x3rd_3_OTA                      
-------------------------------------------|-------------------------------------------
vcc                                        |vcc                                        
vss                                        |vss                                        
vd3                                        |vd3                                        
vd4                                        |vd4                                        
vb                                         |vb                                         
vd1                                        |vd1                                        
vo3                                        |vo3                                        
---------------------------------------------------------------------------------------
Cell pin lists are equivalent.
Device classes 3rd_3_OTA and x3rd_3_OTA are equivalent.

Final result: Circuits match uniquely.
.
